
这里一些关键的功能和版本变化：


meta-info

* 插件暂时命名为 XStickies，未来再调整为合适的名字；
* 有同行做了类似的事情，将账号命名为 Xmemo，但其出现备注的方式，比较费劲，不如我们便捷；
* 这个插件的价值，是梳理我们在 X 上的信息源，让我们想起来，为什么这个账号值得关注；
* 我们或许由于朋友推荐、权威的背书，或由于日常的溯源习惯，而关注了一些的账号；
* 但当这些账号的消息再出现在我们的时间栏里时，我们会忘记，我们关注它们是要干什么来着；
* 这个插件的价值，是让我们在 X 上，能快速找到我们关注这些账号的初衷；
* 有了这个插件，所有我们在推上留意过的账号，都会像 CRM 一样，被我们管理起来；

提醒：
* 未来可能要做的功能：通过 UI 就能设置 selector，防止 X.com 的 dom element 的逻辑变了，无法触发笔记浮框弹出；


2025-05-21

完成了 XStickies 的以下功能：

* 备注笔记页总览；
* 备注笔记导入与导出；
* sync 存储模式（100KB）剩余容量的显示；
* 基于备注页的个人主页访问；


2025-08-12
（好几天没有更新了，这次把之前截止到今日的更新记录一下）

添加了：
* 标签这一数据维度；
* 按标签过滤系统；
* 标签编辑功能；
* 多选并 Catch up on X 的搜索指令功能；
* 一键筛选无标签笔记功能；

改进了：
* Chrome storage 的数据结构；
* 多处悬浮才生效的 UI 效果；
* 笔记 options 页面的编辑框换行bug；

